
; 64tass Turbo Assembler Macro V1.53.1515 listing file
; 64tass -a -o ./target/uos-desktop.prg -L uos-desktop.lst ./src/uos-desktop.asm
; Sun Jun 23 14:18:34 2019

;Offset	;Hex		;Monitor	;Source

;******  Processing input file: ./src/uos-desktop.asm


;******  Processing file: ./src/uos.inc

=$02					X1          = $02
=$04					Y1          = $04
=$06					X2          = $06
=$08					Y2          = $08
=$1000					APP_START   = $1000
=$1500					APP_CLICK   = $1500
=$c01b					InitGr      = $c01b
=$c036					GPLOT       = $c036
=$c0c9					GRON        = $c0c9
=$c172					GROFF       = $c172
=$c18d					SETCOLOR    = $c18d
=$c1ac					LINE        = $c1ac
=$c379					CIRCLE      = $c379
=$c583					GPRINT      = $c583
=$9f09					install1    = $9f09

;******  Return to file: ./src/uos-desktop.asm


;******  Processing file: ./src/kernal.inc

=$ff81					CINT   = $FF81;  ----  FF5B  init VIC & screen editor                                                  - - -  - - -  A X Y
=$ff84					IOINIT = $FF84;  ----  FDA3  initialize CIA & IRQ                                                      - - -  - - -  A X Y
=$ff87					RAMTAS = $FF87;  ----  FD50  RAM test & search RAM end                                                 - - -  - - -  A X Y
=$ff8a					RESTOR = $FF8A;  ----  FD15  restore default I/O vectors                                               - - -  - - -  A - Y
=$ff8d					VECTOR = $FF8D;  ----  FD1A  read/set I/O vectors               in: C=0 moves from Y/X to vectors      - X Y  - X -  A - Y
=$ff90					SETMSG = $FF90;  ----  FE18  enable/disable KERNAL messages     in: A bit7=1 error msgs on             A - -  - - -  A - -
=$ff93					SECOND = $FF93;  ----  EDB9  send secondary addr after listen   in: A=secondary address                A - -  - - -  A - -
=$ff96					TKSA   = $FF96;  ----  EDC7  send secondary addr after talk     in: A=secondary address                A - -  - - -  A - -
=$ff99					MEMTOP = $FF99;  ----  FE25  read/set top of memory             in: C=0; Y/X address                   - X Y  - X Y  - - -
=$ff9c					MEMBOT = $FF9C;  ----  FE34  read/set bottom of memory          in: C=0; Y/X address                   - X Y  - X Y  - - -
=$ff9f					SCNKEY = $FF9F;  ----  EA87  scan keyboard                                                             - - -  - - -  A X Y
=$ffa2					SETTMO = $FFA2;  ----  FE21  set IEEE timeout                   in: A bit7=1 disable, bit7=0 enable    A - -  A - -  - - -
=$ffa5					ACPTR  = $FFA5;  ----  EE13  input byte from SERIAL             out:A=byte, C=1 and ST=2 if timeout    - - -  A - -  A - -
=$ffa8					CIOUT  = $FFA8;  ----  EDDD  output byte to SERIAL              in: A=byte, C=1 and ST=3 if timeout    A - -  A - -  - - -
=$ffab					UNTLK  = $FFAB;  ----  EDEF  untalk all SERIAL devices                                                 - - -  - - -  A - -
=$ffae					UNLSN  = $FFAE;  ----  EDFE  unlisten all SERIAL devices                                               - - -  - - -  A - -
=$ffb1					LISTEN = $FFB1;  ----  ED0C  make SERIAL device listen          in: A=device number                    A - -  - - -  A - -
=$ffb4					TALK   = $FFB4;  ----  ED09  make SERIAL device talk            in: A=device number                    A - -  - - -  A - -
=$ffb7					READST = $FFB7;  ----  FE07  read I/O status byte               out:A=status byte                      - - -  A - -  A - -
=$ffba					SETLFS = $FFBA;  ----  FE00  set file parameters                in: A=logical file number              A X Y  A X Y  - - -
=$ffbd					SETNAM = $FFBD;  ----  FDF9  set file name                      in: A=length of filename               A X Y  A X Y  - - -
=$ffc0					OPEN   = $FFC0;  031A  F34A  open log.file after SETLFS,SETNAM  out:A=error# if C=1                    - - -  - - -  A X Y
=$ffc3					CLOSE  = $FFC3;  031C  F291  close a logical file               in: A=logical file number              A - -  - - -  A X Y
=$ffc6					CHKIN  = $FFC6;  031E  F20E  open channel for input             in: X=logical file number              - X -  - - -  A X -
=$ffc9					CHKOUT = $FFC9;  0320  F250  open channel for output            in: X=logical file number              - X -  - - -  A X -
=$ffcc					CLRCHN = $FFCC;  0322  F333  restore default devices                                                   - - -  - - -  A X -
=$ffcf					CHRIN  = $FFCF;  0324  F157  input character                    out:A=character, C=1 and ST=error      - - -  A - -  A - -
=$ffd2					CHROUT = $FFD2;  0326  F1CA  output character                   in: A=character, C=1 and ST=error      A - -  A - -  - - -
=$ffd5					LOAD   = $FFD5;  0330  F49E  load after call SETLFS,SETNAM      in: A=0 load, a=1 verify               A X Y  A X Y  A X Y
=$ffd8					SAVE   = $FFD8;  0332  F5DD  save after call SETLFS,SETNAM      in: A=zero page pointer to start.addr  A X Y  - - -  A X Y
=$ffdb					SETTIM = $FFDB;  ----  F6E4  set jiffy clock                    in: A=MSB, X=middle, Y=LSB             A X Y  - - -  - - -
=$ffde					RDTIM  = $FFDE;  ----  F6DD  read jiffy clock                   out:A=MSB, X=middle, Y=LSB             - - -  A X Y  A X Y
=$ffe1					STOP   = $FFE1;  0328  F6ED  check stop key                     out:Z=0 if STOP not used; X unchanged  - - -  A - -  A - -
=$ffe4					GETIN  = $FFE4;  032A  F13E  get a byte from channel            out:keyboard:A=0 if puffer empty       - - -  A - -  A X Y
=$ffe7					CLALL  = $FFE7;  032C  F32F  close or abort all files                                                  - - -  - - -  A X -
=$ffea					UDTIM  = $FFEA;  ----  F69B  update jiffy clock                                                        - - -  - - -  A X -
=$ffed					SCREEN = $FFED;  ----  E505  return screen size                 out:X=columns, Y=rows                  - - -  - X Y  - X Y
=$fff0					PLOT   = $FFF0;  ----  E50A  read/set cursor position           in: C=0, X=row, Y=column               - X Y  - X Y  - - -
=$fff3					IOBASE = $FFF3;  ----  E500  returns the addr of I/O devices    out:Y/X=addr($DC00)                    - - -  - X Y  - X Y

;******  Return to file: ./src/uos-desktop.asm


;******  Processing file: ./src/vic-ii.inc

=$d000					VIC_BASE        = $d000
=$d800					VIC_COLOR_RAM   = $d800
=$0400					VIC_HIRES_COLOR = $0400
=$00					VIC_SPR0_X      = $00     ; Sprite x / y screen position registers
=$01					VIC_SPR0_Y      = $01
=$02					VIC_SPR1_X      = $02
=$03					VIC_SPR1_Y      = $03
=$04					VIC_SPR2_X      = $04
=$05					VIC_SPR2_Y      = $05
=$06					VIC_SPR3_X      = $06
=$07					VIC_SPR3_Y      = $07
=$08					VIC_SPR4_X      = $08
=$09					VIC_SPR4_Y      = $09
=$0a					VIC_SPR5_X      = $0A
=$0b					VIC_SPR5_Y      = $0B
=$0c					VIC_SPR6_X      = $0C
=$0d					VIC_SPR6_Y      = $0D
=$0e					VIC_SPR7_X      = $0E
=$0f					VIC_SPR7_Y      = $0F
=$10					VIC_SPR_XMSb    = $10     ; MSB of the X coordinate (since 320 > 255). Bit 7 = sprite 7, 6 = sprite 6, etc
=$11					VIC_CTRL_1      = $11
=$11					SCROLY			= $11     ; Control register 1
=$12					VIC_RASTER      = $12     ; Number of raster line at which a raster IRQ should be generated.
=$13					VIC_LTPEN_X     = $13     ; X-portion of the screen position at which the beam was found when a strobe was generated (light pen)
=$14					VIC_LTPEN_Y     = $14     ; Y-portion of the screen position at which the beam was found when a strobe was generated (light pen)
=$15					VIC_SPR_ENBL    = $15     ; Sprite enable (bit 7= sprite 7, bit 6 = sprite 6 etc)
=$16					VIC_CTRL_2      = $16     ; Control register 2
=$17					VIC_SPR_XPND_X  = $17     ; Sprite expand (bit 7= sprite 7, bit 6 = sprite 6 etc)
=$18					VIC_RAM_BASE    = $18     ; Base address of the character generator and video RAM
=$19					VIC_IRR         = $19     ; IRR:Interrupt Request Register
=$1a					VIC_IMR         = $1a     ; IMR:Interrupt Mask Register
=$1b					VIC_SPR_PRI     = $1b     ; Priority register(sprites)
=$1c					VIC_SPR_MULTI   = $1c     ; Multi-color register (sprites)
=$1d					VIC_SPR_XPND_Y  = $1d     ; Sprite expand Y The sprites can be doubled in the Y-direction by setting
=$1e					VIC_SPSP_COL    = $1e     ; Sprite/sprite collision
=$1f					VIC_SPBK_COL    = $1f     ; Sprite/background collision
=$20					VIC_BORDER_COL  = $20     ; Exterior color(border color) The border color is set in this register (0-15).
=$21					VIC_BG_COL0     = $21     ; Background color registers 0-3
=$22					VIC_BG_COL1     = $22     ; Background color register 0 determines the background color in
=$23					VIC_BG_COL2     = $23     ; the "normal" text mode. If the multi-color mode is enabled, it
=$24					VIC_BG_COL3     = $24     ; accesses registers 1-3
=$25					VIC_SPR_MCOL0   = $25     ; Spritemulti-colorcolor0/1
=$26					VIC_SPR_MCOL1   = $26     ; Sprites which are represented in multi-color can assume the back
=$27					VIC_SPR_COL0    = $27     ; Color sprite 0-8
=$28					VIC_SPR_COL1    = $28     ; The colors for the individual sprites are placed in these registers.
=$29					VIC_SPR_COL2    = $29
=$2a					VIC_SPR_COL3    = $2a
=$2b					VIC_SPR_COL4    = $2b
=$2c					VIC_SPR_COL5    = $2c
=$2d					VIC_SPR_COL6    = $2d
=$2e					VIC_SPR_COL7    = $2e
=$2f					VIC_KYBRD_CTRL  = $2f     ; Keyboard control register
=$30					VIC_CLOCK       = $30     ; 2MHz bit
=$00					VIC_COLOR_BLACK   = $00
=$01					VIC_COLOR_WHITE   = $01
=$02					VIC_COLOR_RED     = $02
=$03					VIC_COLOR_CYAN    = $03
=$04					VIC_COLOR_PURPLE  = $04
=$05					VIC_COLOR_GREEN   = $05
=$06					VIC_COLOR_BLUE    = $06
=$07					VIC_COLOR_YELLOW  = $07
=$08					VIC_COLOR_ORANGE  = $08
=$09					VIC_COLOR_BROWN   = $09
=$0a					VIC_COLOR_LRED    = $0A
=$0b					VIC_COLOR_DGREY   = $0B
=$0c					VIC_COLOR_MGREY   = $0C
=$0d					VIC_COLOR_LGREEN  = $0D
=$0e					VIC_COLOR_LBLUE   = $0E
=$0f					VIC_COLOR_LGREY   = $0F

;******  Return to file: ./src/uos-desktop.asm


;******  Processing file: ./src/macros.inc


;******  Return to file: ./src/uos-desktop.asm

.1000	a9 01		lda #$01	    LDA #$01
.1002	20 8d c1	jsr $c18d	    JSR SETCOLOR
.1005	a9 00		lda #$00	        lda #$00
.1007	85 03		sta $03		        sta X1+1
.1009	a9 00		lda #$00	        lda #0
.100b	85 02		sta $02		        sta X1
.100d	a9 01		lda #$01	        lda #$01
.100f	85 07		sta $07		        sta X2+1
.1011	a9 3f		lda #$3f	        lda #319-256
.1013	85 06		sta $06		        sta X2
.1015	a9 be		lda #$be	        lda #190
.1017	85 04		sta $04		        sta Y1
.1019	a9 be		lda #$be	        lda #190
.101b	85 08		sta $08		        sta Y2
.101d	a9 00		lda #$00	        lda #$00
.101f	85 05		sta $05		        sta Y1+1
.1021	85 09		sta $09		        sta Y2+1
.1023	20 ac c1	jsr $c1ac	        jsr LINE
.1026	a9 00		lda #$00	        lda #$00
.1028	85 03		sta $03		        sta X1+1
.102a	a9 64		lda #$64	        lda #100
.102c	85 02		sta $02		        sta X1
.102e	a9 00		lda #$00	        lda #$00
.1030	85 07		sta $07		        sta X2+1
.1032	a9 db		lda #$db	        lda #219
.1034	85 06		sta $06		        sta X2
.1036	a9 46		lda #$46	        lda #70
.1038	85 04		sta $04		        sta Y1
.103a	a9 46		lda #$46	        lda #70
.103c	85 08		sta $08		        sta Y2
.103e	a9 00		lda #$00	        lda #$00
.1040	85 05		sta $05		        sta Y1+1
.1042	85 09		sta $09		        sta Y2+1
.1044	20 ac c1	jsr $c1ac	        jsr LINE
.1047	a9 00		lda #$00	        lda #$00
.1049	85 03		sta $03		        sta X1+1
.104b	a9 64		lda #$64	        lda #100
.104d	85 02		sta $02		        sta X1
.104f	a9 00		lda #$00	        lda #$00
.1051	85 07		sta $07		        sta X2+1
.1053	a9 db		lda #$db	        lda #219
.1055	85 06		sta $06		        sta X2
.1057	a9 8c		lda #$8c	        lda #140
.1059	85 04		sta $04		        sta Y1
.105b	a9 8c		lda #$8c	        lda #140
.105d	85 08		sta $08		        sta Y2
.105f	a9 00		lda #$00	        lda #$00
.1061	85 05		sta $05		        sta Y1+1
.1063	85 09		sta $09		        sta Y2+1
.1065	20 ac c1	jsr $c1ac	        jsr LINE
.1068	a9 00		lda #$00	        lda #$00
.106a	85 03		sta $03		        sta X1+1
.106c	a9 64		lda #$64	        lda #100
.106e	85 02		sta $02		        sta X1
.1070	a9 00		lda #$00	        lda #$00
.1072	85 07		sta $07		        sta X2+1
.1074	a9 64		lda #$64	        lda #100
.1076	85 06		sta $06		        sta X2
.1078	a9 46		lda #$46	        lda #70
.107a	85 04		sta $04		        sta Y1
.107c	a9 8c		lda #$8c	        lda #140
.107e	85 08		sta $08		        sta Y2
.1080	a9 00		lda #$00	        lda #$00
.1082	85 05		sta $05		        sta Y1+1
.1084	85 09		sta $09		        sta Y2+1
.1086	20 ac c1	jsr $c1ac	        jsr LINE
.1089	a9 00		lda #$00	        lda #$00
.108b	85 03		sta $03		        sta X1+1
.108d	a9 db		lda #$db	        lda #219
.108f	85 02		sta $02		        sta X1
.1091	a9 00		lda #$00	        lda #$00
.1093	85 07		sta $07		        sta X2+1
.1095	a9 db		lda #$db	        lda #219
.1097	85 06		sta $06		        sta X2
.1099	a9 46		lda #$46	        lda #70
.109b	85 04		sta $04		        sta Y1
.109d	a9 8c		lda #$8c	        lda #140
.109f	85 08		sta $08		        sta Y2
.10a1	a9 00		lda #$00	        lda #$00
.10a3	85 05		sta $05		        sta Y1+1
.10a5	85 09		sta $09		        sta Y2+1
.10a7	20 ac c1	jsr $c1ac	        jsr LINE
.10aa	a9 00		lda #$00	        lda #$00
.10ac	85 03		sta $03		        sta X1+1
.10ae	a9 69		lda #$69	        lda #100+5
.10b0	85 02		sta $02		        sta X1
.10b2	a9 00		lda #$00	        lda #$00
.10b4	85 07		sta $07		        sta X2+1
.10b6	a9 e0		lda #$e0	        lda #219+5
.10b8	85 06		sta $06		        sta X2
.10ba	a9 8d		lda #$8d	        lda #140+1
.10bc	85 04		sta $04		        sta Y1
.10be	a9 8d		lda #$8d	        lda #140+1
.10c0	85 08		sta $08		        sta Y2
.10c2	a9 00		lda #$00	        lda #$00
.10c4	85 05		sta $05		        sta Y1+1
.10c6	85 09		sta $09		        sta Y2+1
.10c8	20 ac c1	jsr $c1ac	        jsr LINE
.10cb	a9 00		lda #$00	        lda #$00
.10cd	85 03		sta $03		        sta X1+1
.10cf	a9 69		lda #$69	        lda #100+5
.10d1	85 02		sta $02		        sta X1
.10d3	a9 00		lda #$00	        lda #$00
.10d5	85 07		sta $07		        sta X2+1
.10d7	a9 e0		lda #$e0	        lda #219+5
.10d9	85 06		sta $06		        sta X2
.10db	a9 8e		lda #$8e	        lda #140+2
.10dd	85 04		sta $04		        sta Y1
.10df	a9 8e		lda #$8e	        lda #140+2
.10e1	85 08		sta $08		        sta Y2
.10e3	a9 00		lda #$00	        lda #$00
.10e5	85 05		sta $05		        sta Y1+1
.10e7	85 09		sta $09		        sta Y2+1
.10e9	20 ac c1	jsr $c1ac	        jsr LINE
.10ec	a9 00		lda #$00	        lda #$00
.10ee	85 03		sta $03		        sta X1+1
.10f0	a9 69		lda #$69	        lda #100+5
.10f2	85 02		sta $02		        sta X1
.10f4	a9 00		lda #$00	        lda #$00
.10f6	85 07		sta $07		        sta X2+1
.10f8	a9 e0		lda #$e0	        lda #219+5
.10fa	85 06		sta $06		        sta X2
.10fc	a9 8f		lda #$8f	        lda #140+3
.10fe	85 04		sta $04		        sta Y1
.1100	a9 8f		lda #$8f	        lda #140+3
.1102	85 08		sta $08		        sta Y2
.1104	a9 00		lda #$00	        lda #$00
.1106	85 05		sta $05		        sta Y1+1
.1108	85 09		sta $09		        sta Y2+1
.110a	20 ac c1	jsr $c1ac	        jsr LINE
.110d	a9 00		lda #$00	        lda #$00
.110f	85 03		sta $03		        sta X1+1
.1111	a9 69		lda #$69	        lda #100+5
.1113	85 02		sta $02		        sta X1
.1115	a9 00		lda #$00	        lda #$00
.1117	85 07		sta $07		        sta X2+1
.1119	a9 e0		lda #$e0	        lda #219+5
.111b	85 06		sta $06		        sta X2
.111d	a9 90		lda #$90	        lda #140+4
.111f	85 04		sta $04		        sta Y1
.1121	a9 90		lda #$90	        lda #140+4
.1123	85 08		sta $08		        sta Y2
.1125	a9 00		lda #$00	        lda #$00
.1127	85 05		sta $05		        sta Y1+1
.1129	85 09		sta $09		        sta Y2+1
.112b	20 ac c1	jsr $c1ac	        jsr LINE
.112e	a9 00		lda #$00	        lda #$00
.1130	85 03		sta $03		        sta X1+1
.1132	a9 69		lda #$69	        lda #100+5
.1134	85 02		sta $02		        sta X1
.1136	a9 00		lda #$00	        lda #$00
.1138	85 07		sta $07		        sta X2+1
.113a	a9 e0		lda #$e0	        lda #219+5
.113c	85 06		sta $06		        sta X2
.113e	a9 91		lda #$91	        lda #140+5
.1140	85 04		sta $04		        sta Y1
.1142	a9 91		lda #$91	        lda #140+5
.1144	85 08		sta $08		        sta Y2
.1146	a9 00		lda #$00	        lda #$00
.1148	85 05		sta $05		        sta Y1+1
.114a	85 09		sta $09		        sta Y2+1
.114c	20 ac c1	jsr $c1ac	        jsr LINE
.114f	a9 00		lda #$00	        lda #$00
.1151	85 03		sta $03		        sta X1+1
.1153	a9 dc		lda #$dc	        lda #219+1
.1155	85 02		sta $02		        sta X1
.1157	a9 00		lda #$00	        lda #$00
.1159	85 07		sta $07		        sta X2+1
.115b	a9 dc		lda #$dc	        lda #219+1
.115d	85 06		sta $06		        sta X2
.115f	a9 4b		lda #$4b	        lda #70+5
.1161	85 04		sta $04		        sta Y1
.1163	a9 91		lda #$91	        lda #140+5
.1165	85 08		sta $08		        sta Y2
.1167	a9 00		lda #$00	        lda #$00
.1169	85 05		sta $05		        sta Y1+1
.116b	85 09		sta $09		        sta Y2+1
.116d	20 ac c1	jsr $c1ac	        jsr LINE
.1170	a9 00		lda #$00	        lda #$00
.1172	85 03		sta $03		        sta X1+1
.1174	a9 dd		lda #$dd	        lda #219+2
.1176	85 02		sta $02		        sta X1
.1178	a9 00		lda #$00	        lda #$00
.117a	85 07		sta $07		        sta X2+1
.117c	a9 dd		lda #$dd	        lda #219+2
.117e	85 06		sta $06		        sta X2
.1180	a9 4b		lda #$4b	        lda #70+5
.1182	85 04		sta $04		        sta Y1
.1184	a9 91		lda #$91	        lda #140+5
.1186	85 08		sta $08		        sta Y2
.1188	a9 00		lda #$00	        lda #$00
.118a	85 05		sta $05		        sta Y1+1
.118c	85 09		sta $09		        sta Y2+1
.118e	20 ac c1	jsr $c1ac	        jsr LINE
.1191	a9 00		lda #$00	        lda #$00
.1193	85 03		sta $03		        sta X1+1
.1195	a9 de		lda #$de	        lda #219+3
.1197	85 02		sta $02		        sta X1
.1199	a9 00		lda #$00	        lda #$00
.119b	85 07		sta $07		        sta X2+1
.119d	a9 de		lda #$de	        lda #219+3
.119f	85 06		sta $06		        sta X2
.11a1	a9 4b		lda #$4b	        lda #70+5
.11a3	85 04		sta $04		        sta Y1
.11a5	a9 91		lda #$91	        lda #140+5
.11a7	85 08		sta $08		        sta Y2
.11a9	a9 00		lda #$00	        lda #$00
.11ab	85 05		sta $05		        sta Y1+1
.11ad	85 09		sta $09		        sta Y2+1
.11af	20 ac c1	jsr $c1ac	        jsr LINE
.11b2	a9 00		lda #$00	        lda #$00
.11b4	85 03		sta $03		        sta X1+1
.11b6	a9 df		lda #$df	        lda #219+4
.11b8	85 02		sta $02		        sta X1
.11ba	a9 00		lda #$00	        lda #$00
.11bc	85 07		sta $07		        sta X2+1
.11be	a9 df		lda #$df	        lda #219+4
.11c0	85 06		sta $06		        sta X2
.11c2	a9 4b		lda #$4b	        lda #70+5
.11c4	85 04		sta $04		        sta Y1
.11c6	a9 91		lda #$91	        lda #140+5
.11c8	85 08		sta $08		        sta Y2
.11ca	a9 00		lda #$00	        lda #$00
.11cc	85 05		sta $05		        sta Y1+1
.11ce	85 09		sta $09		        sta Y2+1
.11d0	20 ac c1	jsr $c1ac	        jsr LINE
.11d3	a9 00		lda #$00	        lda #$00
.11d5	85 03		sta $03		        sta X1+1
.11d7	a9 e0		lda #$e0	        lda #219+5
.11d9	85 02		sta $02		        sta X1
.11db	a9 00		lda #$00	        lda #$00
.11dd	85 07		sta $07		        sta X2+1
.11df	a9 e0		lda #$e0	        lda #219+5
.11e1	85 06		sta $06		        sta X2
.11e3	a9 4b		lda #$4b	        lda #70+5
.11e5	85 04		sta $04		        sta Y1
.11e7	a9 91		lda #$91	        lda #140+5
.11e9	85 08		sta $08		        sta Y2
.11eb	a9 00		lda #$00	        lda #$00
.11ed	85 05		sta $05		        sta Y1+1
.11ef	85 09		sta $09		        sta Y2+1
.11f1	20 ac c1	jsr $c1ac	        jsr LINE
.11f4	a9 d8		lda #$d8	        lda #'X'
.11f6	20 83 c5	jsr $c583	        jsr GPRINT
.11f9	60		rts		        RTS
.1500	a9 00		lda #$00	    LDA #$00
.1502	20 8d c1	jsr $c18d	    JSR SETCOLOR
.1505	a9 00		lda #$00	        lda #$00
.1507	85 03		sta $03		        sta X1+1
.1509	a9 64		lda #$64	        lda #100
.150b	85 02		sta $02		        sta X1
.150d	a9 00		lda #$00	        lda #$00
.150f	85 07		sta $07		        sta X2+1
.1511	a9 db		lda #$db	        lda #219
.1513	85 06		sta $06		        sta X2
.1515	a9 46		lda #$46	        lda #70
.1517	85 04		sta $04		        sta Y1
.1519	a9 46		lda #$46	        lda #70
.151b	85 08		sta $08		        sta Y2
.151d	a9 00		lda #$00	        lda #$00
.151f	85 05		sta $05		        sta Y1+1
.1521	85 09		sta $09		        sta Y2+1
.1523	20 ac c1	jsr $c1ac	        jsr LINE
.1526	a9 00		lda #$00	        lda #$00
.1528	85 03		sta $03		        sta X1+1
.152a	a9 64		lda #$64	        lda #100
.152c	85 02		sta $02		        sta X1
.152e	a9 00		lda #$00	        lda #$00
.1530	85 07		sta $07		        sta X2+1
.1532	a9 db		lda #$db	        lda #219
.1534	85 06		sta $06		        sta X2
.1536	a9 8c		lda #$8c	        lda #140
.1538	85 04		sta $04		        sta Y1
.153a	a9 8c		lda #$8c	        lda #140
.153c	85 08		sta $08		        sta Y2
.153e	a9 00		lda #$00	        lda #$00
.1540	85 05		sta $05		        sta Y1+1
.1542	85 09		sta $09		        sta Y2+1
.1544	20 ac c1	jsr $c1ac	        jsr LINE
.1547	a9 00		lda #$00	        lda #$00
.1549	85 03		sta $03		        sta X1+1
.154b	a9 64		lda #$64	        lda #100
.154d	85 02		sta $02		        sta X1
.154f	a9 00		lda #$00	        lda #$00
.1551	85 07		sta $07		        sta X2+1
.1553	a9 64		lda #$64	        lda #100
.1555	85 06		sta $06		        sta X2
.1557	a9 46		lda #$46	        lda #70
.1559	85 04		sta $04		        sta Y1
.155b	a9 8c		lda #$8c	        lda #140
.155d	85 08		sta $08		        sta Y2
.155f	a9 00		lda #$00	        lda #$00
.1561	85 05		sta $05		        sta Y1+1
.1563	85 09		sta $09		        sta Y2+1
.1565	20 ac c1	jsr $c1ac	        jsr LINE
.1568	a9 00		lda #$00	        lda #$00
.156a	85 03		sta $03		        sta X1+1
.156c	a9 db		lda #$db	        lda #219
.156e	85 02		sta $02		        sta X1
.1570	a9 00		lda #$00	        lda #$00
.1572	85 07		sta $07		        sta X2+1
.1574	a9 db		lda #$db	        lda #219
.1576	85 06		sta $06		        sta X2
.1578	a9 46		lda #$46	        lda #70
.157a	85 04		sta $04		        sta Y1
.157c	a9 8c		lda #$8c	        lda #140
.157e	85 08		sta $08		        sta Y2
.1580	a9 00		lda #$00	        lda #$00
.1582	85 05		sta $05		        sta Y1+1
.1584	85 09		sta $09		        sta Y2+1
.1586	20 ac c1	jsr $c1ac	        jsr LINE
.1589	a9 00		lda #$00	        lda #$00
.158b	85 03		sta $03		        sta X1+1
.158d	a9 69		lda #$69	        lda #100+5
.158f	85 02		sta $02		        sta X1
.1591	a9 00		lda #$00	        lda #$00
.1593	85 07		sta $07		        sta X2+1
.1595	a9 e0		lda #$e0	        lda #219+5
.1597	85 06		sta $06		        sta X2
.1599	a9 8d		lda #$8d	        lda #140+1
.159b	85 04		sta $04		        sta Y1
.159d	a9 8d		lda #$8d	        lda #140+1
.159f	85 08		sta $08		        sta Y2
.15a1	a9 00		lda #$00	        lda #$00
.15a3	85 05		sta $05		        sta Y1+1
.15a5	85 09		sta $09		        sta Y2+1
.15a7	20 ac c1	jsr $c1ac	        jsr LINE
.15aa	a9 00		lda #$00	        lda #$00
.15ac	85 03		sta $03		        sta X1+1
.15ae	a9 69		lda #$69	        lda #100+5
.15b0	85 02		sta $02		        sta X1
.15b2	a9 00		lda #$00	        lda #$00
.15b4	85 07		sta $07		        sta X2+1
.15b6	a9 e0		lda #$e0	        lda #219+5
.15b8	85 06		sta $06		        sta X2
.15ba	a9 8e		lda #$8e	        lda #140+2
.15bc	85 04		sta $04		        sta Y1
.15be	a9 8e		lda #$8e	        lda #140+2
.15c0	85 08		sta $08		        sta Y2
.15c2	a9 00		lda #$00	        lda #$00
.15c4	85 05		sta $05		        sta Y1+1
.15c6	85 09		sta $09		        sta Y2+1
.15c8	20 ac c1	jsr $c1ac	        jsr LINE
.15cb	a9 00		lda #$00	        lda #$00
.15cd	85 03		sta $03		        sta X1+1
.15cf	a9 69		lda #$69	        lda #100+5
.15d1	85 02		sta $02		        sta X1
.15d3	a9 00		lda #$00	        lda #$00
.15d5	85 07		sta $07		        sta X2+1
.15d7	a9 e0		lda #$e0	        lda #219+5
.15d9	85 06		sta $06		        sta X2
.15db	a9 8f		lda #$8f	        lda #140+3
.15dd	85 04		sta $04		        sta Y1
.15df	a9 8f		lda #$8f	        lda #140+3
.15e1	85 08		sta $08		        sta Y2
.15e3	a9 00		lda #$00	        lda #$00
.15e5	85 05		sta $05		        sta Y1+1
.15e7	85 09		sta $09		        sta Y2+1
.15e9	20 ac c1	jsr $c1ac	        jsr LINE
.15ec	a9 00		lda #$00	        lda #$00
.15ee	85 03		sta $03		        sta X1+1
.15f0	a9 69		lda #$69	        lda #100+5
.15f2	85 02		sta $02		        sta X1
.15f4	a9 00		lda #$00	        lda #$00
.15f6	85 07		sta $07		        sta X2+1
.15f8	a9 e0		lda #$e0	        lda #219+5
.15fa	85 06		sta $06		        sta X2
.15fc	a9 90		lda #$90	        lda #140+4
.15fe	85 04		sta $04		        sta Y1
.1600	a9 90		lda #$90	        lda #140+4
.1602	85 08		sta $08		        sta Y2
.1604	a9 00		lda #$00	        lda #$00
.1606	85 05		sta $05		        sta Y1+1
.1608	85 09		sta $09		        sta Y2+1
.160a	20 ac c1	jsr $c1ac	        jsr LINE
.160d	a9 00		lda #$00	        lda #$00
.160f	85 03		sta $03		        sta X1+1
.1611	a9 69		lda #$69	        lda #100+5
.1613	85 02		sta $02		        sta X1
.1615	a9 00		lda #$00	        lda #$00
.1617	85 07		sta $07		        sta X2+1
.1619	a9 e0		lda #$e0	        lda #219+5
.161b	85 06		sta $06		        sta X2
.161d	a9 91		lda #$91	        lda #140+5
.161f	85 04		sta $04		        sta Y1
.1621	a9 91		lda #$91	        lda #140+5
.1623	85 08		sta $08		        sta Y2
.1625	a9 00		lda #$00	        lda #$00
.1627	85 05		sta $05		        sta Y1+1
.1629	85 09		sta $09		        sta Y2+1
.162b	20 ac c1	jsr $c1ac	        jsr LINE
.162e	a9 00		lda #$00	        lda #$00
.1630	85 03		sta $03		        sta X1+1
.1632	a9 dc		lda #$dc	        lda #219+1
.1634	85 02		sta $02		        sta X1
.1636	a9 00		lda #$00	        lda #$00
.1638	85 07		sta $07		        sta X2+1
.163a	a9 dc		lda #$dc	        lda #219+1
.163c	85 06		sta $06		        sta X2
.163e	a9 4b		lda #$4b	        lda #70+5
.1640	85 04		sta $04		        sta Y1
.1642	a9 91		lda #$91	        lda #140+5
.1644	85 08		sta $08		        sta Y2
.1646	a9 00		lda #$00	        lda #$00
.1648	85 05		sta $05		        sta Y1+1
.164a	85 09		sta $09		        sta Y2+1
.164c	20 ac c1	jsr $c1ac	        jsr LINE
.164f	a9 00		lda #$00	        lda #$00
.1651	85 03		sta $03		        sta X1+1
.1653	a9 dd		lda #$dd	        lda #219+2
.1655	85 02		sta $02		        sta X1
.1657	a9 00		lda #$00	        lda #$00
.1659	85 07		sta $07		        sta X2+1
.165b	a9 dd		lda #$dd	        lda #219+2
.165d	85 06		sta $06		        sta X2
.165f	a9 4b		lda #$4b	        lda #70+5
.1661	85 04		sta $04		        sta Y1
.1663	a9 91		lda #$91	        lda #140+5
.1665	85 08		sta $08		        sta Y2
.1667	a9 00		lda #$00	        lda #$00
.1669	85 05		sta $05		        sta Y1+1
.166b	85 09		sta $09		        sta Y2+1
.166d	20 ac c1	jsr $c1ac	        jsr LINE
.1670	a9 00		lda #$00	        lda #$00
.1672	85 03		sta $03		        sta X1+1
.1674	a9 de		lda #$de	        lda #219+3
.1676	85 02		sta $02		        sta X1
.1678	a9 00		lda #$00	        lda #$00
.167a	85 07		sta $07		        sta X2+1
.167c	a9 de		lda #$de	        lda #219+3
.167e	85 06		sta $06		        sta X2
.1680	a9 4b		lda #$4b	        lda #70+5
.1682	85 04		sta $04		        sta Y1
.1684	a9 91		lda #$91	        lda #140+5
.1686	85 08		sta $08		        sta Y2
.1688	a9 00		lda #$00	        lda #$00
.168a	85 05		sta $05		        sta Y1+1
.168c	85 09		sta $09		        sta Y2+1
.168e	20 ac c1	jsr $c1ac	        jsr LINE
.1691	a9 00		lda #$00	        lda #$00
.1693	85 03		sta $03		        sta X1+1
.1695	a9 df		lda #$df	        lda #219+4
.1697	85 02		sta $02		        sta X1
.1699	a9 00		lda #$00	        lda #$00
.169b	85 07		sta $07		        sta X2+1
.169d	a9 df		lda #$df	        lda #219+4
.169f	85 06		sta $06		        sta X2
.16a1	a9 4b		lda #$4b	        lda #70+5
.16a3	85 04		sta $04		        sta Y1
.16a5	a9 91		lda #$91	        lda #140+5
.16a7	85 08		sta $08		        sta Y2
.16a9	a9 00		lda #$00	        lda #$00
.16ab	85 05		sta $05		        sta Y1+1
.16ad	85 09		sta $09		        sta Y2+1
.16af	20 ac c1	jsr $c1ac	        jsr LINE
.16b2	a9 00		lda #$00	        lda #$00
.16b4	85 03		sta $03		        sta X1+1
.16b6	a9 e0		lda #$e0	        lda #219+5
.16b8	85 02		sta $02		        sta X1
.16ba	a9 00		lda #$00	        lda #$00
.16bc	85 07		sta $07		        sta X2+1
.16be	a9 e0		lda #$e0	        lda #219+5
.16c0	85 06		sta $06		        sta X2
.16c2	a9 4b		lda #$4b	        lda #70+5
.16c4	85 04		sta $04		        sta Y1
.16c6	a9 91		lda #$91	        lda #140+5
.16c8	85 08		sta $08		        sta Y2
.16ca	a9 00		lda #$00	        lda #$00
.16cc	85 05		sta $05		        sta Y1+1
.16ce	85 09		sta $09		        sta Y2+1
.16d0	20 ac c1	jsr $c1ac	        jsr LINE
.16d3	60		rts		        RTS

;******  End of listing
